<?xml version="1.0" encoding="UTF-8"?>
<!-- Generated by org.testng.reporters.JUnitReportReporter -->
<testsuite skipped="0" hostname="PT-PTL-002" name="com.pratian.pas.automation.TestClasses.TestLogin" tests="1" failures="0" timestamp="2020-12-08T12:44:27 IST" time="4.995" errors="0">
  <testcase name="checkLoginLink" time="4.995" classname="com.pratian.pas.automation.TestClasses.TestLogin"/>
  <system-out/>
</testsuite> <!-- com.pratian.pas.automation.TestClasses.TestLogin -->
